Using pre-set license
Built from '2020.2/release' branch; Version is '2020.2.2f1 (068178b99f32) revision 426360'; Using compiler version '192528614'; Build Type 'Release'
OS: 'Windows 10 Home; OS build 18363.1379; Version 1909; 64bit' Language: 'en' Physical Memory: 16229 MB
BatchMode: 1, IsHumanControllingUs: 0, StartBugReporterOnCrash: 0, Is64bit: 1, IsPro: 0

 COMMAND LINE ARGUMENTS:
E:\Game Programs\2020.2.2f1\Editor\Unity.exe
-adb2
-batchMode
-noUpm
-name
AssetImportWorker0
-projectPath
C:/Users/Yang/Documents/GitHub/GRH-Minigames-Capstone/GRH-Minigames-Capstone/GRHUnityProject
-logFile
Logs/AssetImportWorker0.log
-srvPort
61123
Successfully changed project path to: C:/Users/Yang/Documents/GitHub/GRH-Minigames-Capstone/GRH-Minigames-Capstone/GRHUnityProject
C:/Users/Yang/Documents/GitHub/GRH-Minigames-Capstone/GRH-Minigames-Capstone/GRHUnityProject
Using Asset Import Pipeline V2.
Refreshing native plugins compatible for Editor in 65.89 ms, found 1 plugins.
Preloading 0 native plugins for Editor in 0.00 ms.
Initialize engine version: 2020.2.2f1 (068178b99f32)
[Subsystems] Discovering subsystems at path E:/Game Programs/2020.2.2f1/Editor/Data/Resources/UnitySubsystems
[Subsystems] Discovering subsystems at path C:/Users/Yang/Documents/GitHub/GRH-Minigames-Capstone/GRH-Minigames-Capstone/GRHUnityProject/Assets
GfxDevice: creating device client; threaded=0
Direct3D:
    Version:  Direct3D 11.0 [level 11.1]
    Renderer: NVIDIA GeForce RTX 2060 (ID=0x1f11)
    Vendor:   
    VRAM:     5980 MB
    Driver:   27.21.14.6172
Initialize mono
Mono path[0] = 'E:/Game Programs/2020.2.2f1/Editor/Data/Managed'
Mono path[1] = 'E:/Game Programs/2020.2.2f1/Editor/Data/MonoBleedingEdge/lib/mono/unityjit'
Mono config path = 'E:/Game Programs/2020.2.2f1/Editor/Data/MonoBleedingEdge/etc'
Using monoOptions --debugger-agent=transport=dt_socket,embedding=1,server=y,suspend=n,address=127.0.0.1:56108
Begin MonoManager ReloadAssembly
Registering precompiled unity dll's ...
Register platform support module: E:/Game Programs/2020.2.2f1/Editor/Data/PlaybackEngines/WindowsStandaloneSupport/UnityEditor.WindowsStandalone.Extensions.dll
Registered in 0.001178 seconds.
Native extension for WindowsStandalone target not found
Refreshing native plugins compatible for Editor in 54.69 ms, found 1 plugins.
Preloading 0 native plugins for Editor in 0.00 ms.
Invoked RoslynAnalysisRunner static constructor.
RoslynAnalysisRunner will not be running.
RoslynAnalysisRunner has terminated.
Mono: successfully reloaded assembly
- Completed reload, in  1.316 seconds
Platform modules already initialized, skipping
Registering precompiled user dll's ...
Registered in 0.001414 seconds.
Begin MonoManager ReloadAssembly
Native extension for WindowsStandalone target not found
Refreshing native plugins compatible for Editor in 55.88 ms, found 1 plugins.
Preloading 0 native plugins for Editor in 0.00 ms.
Invoked RoslynAnalysisRunner static constructor.
RoslynAnalysisRunner will not be running.
RoslynAnalysisRunner has terminated.
Mono: successfully reloaded assembly
- Completed reload, in  1.488 seconds
Platform modules already initialized, skipping
========================================================================
Worker process is ready to serve import requests
Launched and connected shader compiler UnityShaderCompiler.exe after 0.09 seconds
Refreshing native plugins compatible for Editor in 0.90 ms, found 1 plugins.
Preloading 0 native plugins for Editor in 0.00 ms.
Unloading 2171 Unused Serialized files (Serialized files now loaded: 0)
System memory in use before: 102.5 MB.
System memory in use after: 102.5 MB.

Unloading 94 unused Assets to reduce memory usage. Loaded Objects now: 2611.
Total: 4.119600 ms (FindLiveObjects: 0.398000 ms CreateObjectMapping: 0.155700 ms MarkObjects: 3.354300 ms  DeleteObjects: 0.210300 ms)

========================================================================
Received Import Request.
  path: Assets/Animations2/Pump_Donut.anim
  artifactKey: Guid(017355b68bc979d49b63a7c64b6c6355) Importer(815301076,1909f56bfc062723c751e8b465ee728b)
Start importing Assets/Animations2/Pump_Donut.anim using Guid(017355b68bc979d49b63a7c64b6c6355) Importer(815301076,1909f56bfc062723c751e8b465ee728b)  -> (artifact id: '9303b131ed51d255991071202a39e376') in 0.094567 seconds
  Import took 0.100059 seconds .

========================================================================
Received Prepare
Refreshing native plugins compatible for Editor in 2.24 ms, found 1 plugins.
Preloading 0 native plugins for Editor in 0.00 ms.
Unloading 6 Unused Serialized files (Serialized files now loaded: 0)
System memory in use before: 57.4 MB.
System memory in use after: 57.4 MB.

Unloading 6 unused Assets to reduce memory usage. Loaded Objects now: 2611.
Total: 2.538000 ms (FindLiveObjects: 0.221300 ms CreateObjectMapping: 0.089200 ms MarkObjects: 2.102700 ms  DeleteObjects: 0.123700 ms)

========================================================================
Received Import Request.
  Time since last request: 2550.444557 seconds.
  path: Assets/Animations/GRHBalloonMG_PumpHandle.controller
  artifactKey: Guid(0981525c553a4e045a0046cc05324889) Importer(815301076,1909f56bfc062723c751e8b465ee728b)
Start importing Assets/Animations/GRHBalloonMG_PumpHandle.controller using Guid(0981525c553a4e045a0046cc05324889) Importer(815301076,1909f56bfc062723c751e8b465ee728b)  -> (artifact id: 'fe94fdbd3dfe092f0c1208e9a1a34bef') in 0.022712 seconds
  Import took 0.029437 seconds .

========================================================================
Received Import Request.
  Time since last request: 43.118025 seconds.
  path: Assets/Animations2/GRHHubworld_PopcornGuy_Rigged.controller
  artifactKey: Guid(4f5593e8163ac484fbe434b60b3b67d1) Importer(815301076,1909f56bfc062723c751e8b465ee728b)
Start importing Assets/Animations2/GRHHubworld_PopcornGuy_Rigged.controller using Guid(4f5593e8163ac484fbe434b60b3b67d1) Importer(815301076,1909f56bfc062723c751e8b465ee728b)  -> (artifact id: '6c883cdb3e09f9587b9ed8ccff3c7353') in 0.009248 seconds
  Import took 0.013614 seconds .

