Using pre-set license
Built from '2020.2/release' branch; Version is '2020.2.2f1 (068178b99f32) revision 426360'; Using compiler version '192528614'; Build Type 'Release'
OS: 'Windows 10 Home; OS build 19042.867; Version 2009; 64bit' Language: 'en' Physical Memory: 16229 MB
BatchMode: 1, IsHumanControllingUs: 0, StartBugReporterOnCrash: 0, Is64bit: 1, IsPro: 0

 COMMAND LINE ARGUMENTS:
E:\Game Programs\2020.2.2f1\Editor\Unity.exe
-adb2
-batchMode
-noUpm
-name
AssetImportWorker0
-projectPath
C:/Users/Yang/Documents/GitHub/GRH-Minigames-Capstone/GRH-Minigames-Capstone/GRHUnityProject
-logFile
Logs/AssetImportWorker0.log
-srvPort
61846
Successfully changed project path to: C:/Users/Yang/Documents/GitHub/GRH-Minigames-Capstone/GRH-Minigames-Capstone/GRHUnityProject
C:/Users/Yang/Documents/GitHub/GRH-Minigames-Capstone/GRH-Minigames-Capstone/GRHUnityProject
Using Asset Import Pipeline V2.
Refreshing native plugins compatible for Editor in 51.14 ms, found 1 plugins.
Preloading 0 native plugins for Editor in 0.00 ms.
Initialize engine version: 2020.2.2f1 (068178b99f32)
[Subsystems] Discovering subsystems at path E:/Game Programs/2020.2.2f1/Editor/Data/Resources/UnitySubsystems
[Subsystems] Discovering subsystems at path C:/Users/Yang/Documents/GitHub/GRH-Minigames-Capstone/GRH-Minigames-Capstone/GRHUnityProject/Assets
GfxDevice: creating device client; threaded=0
Direct3D:
    Version:  Direct3D 11.0 [level 11.1]
    Renderer: NVIDIA GeForce RTX 2060 (ID=0x1f11)
    Vendor:   
    VRAM:     5980 MB
    Driver:   27.21.14.6589
Initialize mono
Mono path[0] = 'E:/Game Programs/2020.2.2f1/Editor/Data/Managed'
Mono path[1] = 'E:/Game Programs/2020.2.2f1/Editor/Data/MonoBleedingEdge/lib/mono/unityjit'
Mono config path = 'E:/Game Programs/2020.2.2f1/Editor/Data/MonoBleedingEdge/etc'
Using monoOptions --debugger-agent=transport=dt_socket,embedding=1,server=y,suspend=n,address=127.0.0.1:56684
Begin MonoManager ReloadAssembly
Registering precompiled unity dll's ...
Register platform support module: E:/Game Programs/2020.2.2f1/Editor/Data/PlaybackEngines/WindowsStandaloneSupport/UnityEditor.WindowsStandalone.Extensions.dll
Registered in 0.001081 seconds.
Native extension for WindowsStandalone target not found
Refreshing native plugins compatible for Editor in 54.71 ms, found 1 plugins.
Preloading 0 native plugins for Editor in 0.00 ms.
Invoked RoslynAnalysisRunner static constructor.
RoslynAnalysisRunner will not be running.
RoslynAnalysisRunner has terminated.
Mono: successfully reloaded assembly
- Completed reload, in  1.109 seconds
Platform modules already initialized, skipping
Registering precompiled user dll's ...
Registered in 0.001040 seconds.
Begin MonoManager ReloadAssembly
Native extension for WindowsStandalone target not found
Refreshing native plugins compatible for Editor in 50.92 ms, found 1 plugins.
Preloading 0 native plugins for Editor in 0.00 ms.
Invoked RoslynAnalysisRunner static constructor.
RoslynAnalysisRunner will not be running.
RoslynAnalysisRunner has terminated.
Mono: successfully reloaded assembly
- Completed reload, in  1.119 seconds
Platform modules already initialized, skipping
========================================================================
Worker process is ready to serve import requests
Launched and connected shader compiler UnityShaderCompiler.exe after 0.05 seconds
Refreshing native plugins compatible for Editor in 0.43 ms, found 1 plugins.
Preloading 0 native plugins for Editor in 0.00 ms.
Unloading 2302 Unused Serialized files (Serialized files now loaded: 0)
System memory in use before: 123.0 MB.
System memory in use after: 123.1 MB.

Unloading 99 unused Assets to reduce memory usage. Loaded Objects now: 2756.
Total: 2.654200 ms (FindLiveObjects: 0.276100 ms CreateObjectMapping: 0.163400 ms MarkObjects: 2.028500 ms  DeleteObjects: 0.184800 ms)

========================================================================
Received Import Request.
  path: Assets/Scenes/GRHHubWorld_SceneManager.unity
  artifactKey: Guid(edf559a41455c9747815ad67bb6f6add) Importer(815301076,1909f56bfc062723c751e8b465ee728b)
Start importing Assets/Scenes/GRHHubWorld_SceneManager.unity using Guid(edf559a41455c9747815ad67bb6f6add) Importer(815301076,1909f56bfc062723c751e8b465ee728b)  -> (artifact id: 'a062a148bec96929d8bf0afc13b4de31') in 0.010390 seconds
  Import took 0.014681 seconds .

========================================================================
Received Import Request.
  Time since last request: 0.000291 seconds.
  path: Assets/Scenes/GRHCountingMG.unity
  artifactKey: Guid(2bdee86a92cab3e4eaf3a753aebc7cc3) Importer(815301076,1909f56bfc062723c751e8b465ee728b)
Start importing Assets/Scenes/GRHCountingMG.unity using Guid(2bdee86a92cab3e4eaf3a753aebc7cc3) Importer(815301076,1909f56bfc062723c751e8b465ee728b)  -> (artifact id: 'aade6a144cf2c00cb8a23ab2a40c75b6') in 0.005740 seconds
  Import took 0.009197 seconds .

========================================================================
Received Prepare
Refreshing native plugins compatible for Editor in 1.71 ms, found 1 plugins.
Preloading 0 native plugins for Editor in 0.00 ms.
Unloading 6 Unused Serialized files (Serialized files now loaded: 0)
System memory in use before: 74.3 MB.
System memory in use after: 74.5 MB.

Unloading 6 unused Assets to reduce memory usage. Loaded Objects now: 2756.
Total: 2.854200 ms (FindLiveObjects: 0.249300 ms CreateObjectMapping: 0.096900 ms MarkObjects: 2.439300 ms  DeleteObjects: 0.066800 ms)

========================================================================
Received Import Request.
  Time since last request: 202.386182 seconds.
  path: Assets/Scenes/GRHHubWorld_SceneManager.unity
  artifactKey: Guid(edf559a41455c9747815ad67bb6f6add) Importer(815301076,1909f56bfc062723c751e8b465ee728b)
Start importing Assets/Scenes/GRHHubWorld_SceneManager.unity using Guid(edf559a41455c9747815ad67bb6f6add) Importer(815301076,1909f56bfc062723c751e8b465ee728b)  -> (artifact id: '2bed58c03101240795a710d490f75b3b') in 0.009975 seconds
  Import took 0.014858 seconds .

========================================================================
Received Prepare
Registering precompiled user dll's ...
Registered in 0.000972 seconds.
Begin MonoManager ReloadAssembly
Native extension for WindowsStandalone target not found
Refreshing native plugins compatible for Editor in 0.43 ms, found 1 plugins.
Preloading 0 native plugins for Editor in 0.00 ms.
Warning: Annotation not found!
UnityEngine.StackTraceUtility:ExtractStackTrace ()
UnityEditor.ProBuilder.EditorUtility:SetGizmoIconEnabled (System.Type,bool) (at Library/PackageCache/com.unity.probuilder@4.4.0/Editor/EditorCore/EditorUtility.cs:593)
UnityEditor.ProBuilder.HierarchyListener:.cctor () (at Library/PackageCache/com.unity.probuilder@4.4.0/Editor/EditorCore/HierarchyListener.cs:21)
System.Runtime.CompilerServices.RuntimeHelpers:RunClassConstructor (System.RuntimeTypeHandle)
UnityEditor.EditorAssemblies:ProcessInitializeOnLoadAttributes (System.Type[])

[Library/PackageCache/com.unity.probuilder@4.4.0/Editor/EditorCore/EditorUtility.cs line 593]

Invoked RoslynAnalysisRunner static constructor.
RoslynAnalysisRunner will not be running.
RoslynAnalysisRunner has terminated.
Mono: successfully reloaded assembly
- Completed reload, in  0.873 seconds
Platform modules already initialized, skipping
Refreshing native plugins compatible for Editor in 0.44 ms, found 1 plugins.
Preloading 0 native plugins for Editor in 0.00 ms.
Unloading 2232 Unused Serialized files (Serialized files now loaded: 0)
System memory in use before: 119.5 MB.
System memory in use after: 119.6 MB.

Unloading 8 unused Assets to reduce memory usage. Loaded Objects now: 2759.
Total: 2.184200 ms (FindLiveObjects: 0.227000 ms CreateObjectMapping: 0.102900 ms MarkObjects: 1.787800 ms  DeleteObjects: 0.065500 ms)

========================================================================
Received Prepare
Registering precompiled user dll's ...
Registered in 0.001165 seconds.
Begin MonoManager ReloadAssembly
Native extension for WindowsStandalone target not found
Refreshing native plugins compatible for Editor in 0.46 ms, found 1 plugins.
Preloading 0 native plugins for Editor in 0.00 ms.
Warning: Annotation not found!
UnityEngine.StackTraceUtility:ExtractStackTrace ()
UnityEditor.ProBuilder.EditorUtility:SetGizmoIconEnabled (System.Type,bool) (at Library/PackageCache/com.unity.probuilder@4.4.0/Editor/EditorCore/EditorUtility.cs:593)
UnityEditor.ProBuilder.HierarchyListener:.cctor () (at Library/PackageCache/com.unity.probuilder@4.4.0/Editor/EditorCore/HierarchyListener.cs:21)
System.Runtime.CompilerServices.RuntimeHelpers:RunClassConstructor (System.RuntimeTypeHandle)
UnityEditor.EditorAssemblies:ProcessInitializeOnLoadAttributes (System.Type[])

[Library/PackageCache/com.unity.probuilder@4.4.0/Editor/EditorCore/EditorUtility.cs line 593]

Invoked RoslynAnalysisRunner static constructor.
RoslynAnalysisRunner will not be running.
RoslynAnalysisRunner has terminated.
Mono: successfully reloaded assembly
- Completed reload, in  0.926 seconds
Platform modules already initialized, skipping
Refreshing native plugins compatible for Editor in 0.46 ms, found 1 plugins.
Preloading 0 native plugins for Editor in 0.00 ms.
Unloading 2232 Unused Serialized files (Serialized files now loaded: 0)
System memory in use before: 119.5 MB.
System memory in use after: 119.7 MB.

Unloading 8 unused Assets to reduce memory usage. Loaded Objects now: 2762.
Total: 2.642200 ms (FindLiveObjects: 0.242700 ms CreateObjectMapping: 0.114400 ms MarkObjects: 2.215100 ms  DeleteObjects: 0.069100 ms)

========================================================================
Received Import Request.
  Time since last request: 300.615656 seconds.
  path: Assets/Scenes/GRHBalloonMG_Scene.unity
  artifactKey: Guid(2cda990e2423bbf4892e6590ba056729) Importer(815301076,1909f56bfc062723c751e8b465ee728b)
Start importing Assets/Scenes/GRHBalloonMG_Scene.unity using Guid(2cda990e2423bbf4892e6590ba056729) Importer(815301076,1909f56bfc062723c751e8b465ee728b)  -> (artifact id: '5813fd5c9f336b427874783bb241e77f') in 0.018666 seconds
  Import took 0.024561 seconds .

========================================================================
Received Prepare
Registering precompiled user dll's ...
Registered in 0.001639 seconds.
Begin MonoManager ReloadAssembly
Native extension for WindowsStandalone target not found
Refreshing native plugins compatible for Editor in 0.51 ms, found 1 plugins.
Preloading 0 native plugins for Editor in 0.00 ms.
Warning: Annotation not found!
UnityEngine.StackTraceUtility:ExtractStackTrace ()
UnityEditor.ProBuilder.EditorUtility:SetGizmoIconEnabled (System.Type,bool) (at Library/PackageCache/com.unity.probuilder@4.4.0/Editor/EditorCore/EditorUtility.cs:593)
UnityEditor.ProBuilder.HierarchyListener:.cctor () (at Library/PackageCache/com.unity.probuilder@4.4.0/Editor/EditorCore/HierarchyListener.cs:21)
System.Runtime.CompilerServices.RuntimeHelpers:RunClassConstructor (System.RuntimeTypeHandle)
UnityEditor.EditorAssemblies:ProcessInitializeOnLoadAttributes (System.Type[])

[Library/PackageCache/com.unity.probuilder@4.4.0/Editor/EditorCore/EditorUtility.cs line 593]

Invoked RoslynAnalysisRunner static constructor.
RoslynAnalysisRunner will not be running.
RoslynAnalysisRunner has terminated.
Mono: successfully reloaded assembly
- Completed reload, in  1.064 seconds
Platform modules already initialized, skipping
Refreshing native plugins compatible for Editor in 0.73 ms, found 1 plugins.
Preloading 0 native plugins for Editor in 0.00 ms.
Unloading 2232 Unused Serialized files (Serialized files now loaded: 0)
System memory in use before: 119.5 MB.
System memory in use after: 119.7 MB.

Unloading 8 unused Assets to reduce memory usage. Loaded Objects now: 2765.
Total: 4.643700 ms (FindLiveObjects: 0.635600 ms CreateObjectMapping: 0.286200 ms MarkObjects: 3.622800 ms  DeleteObjects: 0.096000 ms)

========================================================================
Received Import Request.
  Time since last request: 202.597210 seconds.
  path: Assets/Sounds/CountingGameButtonIncrease.wav
  artifactKey: Guid(26e9ca1f5a2659c44b46f3497d9705c7) Importer(815301076,1909f56bfc062723c751e8b465ee728b)
Start importing Assets/Sounds/CountingGameButtonIncrease.wav using Guid(26e9ca1f5a2659c44b46f3497d9705c7) Importer(815301076,1909f56bfc062723c751e8b465ee728b)  -> (artifact id: '9b8393fae80aface19e3f93035180c9b') in 0.426392 seconds
  Import took 0.431319 seconds .

========================================================================
Received Import Request.
  Time since last request: 0.000243 seconds.
  path: Assets/Sounds/CountingGameMusic2.wav
  artifactKey: Guid(84d54e6c2087bce4699504c407122c3f) Importer(815301076,1909f56bfc062723c751e8b465ee728b)
Start importing Assets/Sounds/CountingGameMusic2.wav using Guid(84d54e6c2087bce4699504c407122c3f) Importer(815301076,1909f56bfc062723c751e8b465ee728b)  -> (artifact id: 'bd6086ae06eda3b0b1aa910abaf607b9') in 0.016494 seconds
  Import took 0.020841 seconds .

========================================================================
Received Prepare
Registering precompiled user dll's ...
Registered in 0.001052 seconds.
Begin MonoManager ReloadAssembly
Native extension for WindowsStandalone target not found
Refreshing native plugins compatible for Editor in 0.68 ms, found 1 plugins.
Preloading 0 native plugins for Editor in 0.00 ms.
Warning: Annotation not found!
UnityEngine.StackTraceUtility:ExtractStackTrace ()
UnityEditor.ProBuilder.EditorUtility:SetGizmoIconEnabled (System.Type,bool) (at Library/PackageCache/com.unity.probuilder@4.4.0/Editor/EditorCore/EditorUtility.cs:593)
UnityEditor.ProBuilder.HierarchyListener:.cctor () (at Library/PackageCache/com.unity.probuilder@4.4.0/Editor/EditorCore/HierarchyListener.cs:21)
System.Runtime.CompilerServices.RuntimeHelpers:RunClassConstructor (System.RuntimeTypeHandle)
UnityEditor.EditorAssemblies:ProcessInitializeOnLoadAttributes (System.Type[])

[Library/PackageCache/com.unity.probuilder@4.4.0/Editor/EditorCore/EditorUtility.cs line 593]

Invoked RoslynAnalysisRunner static constructor.
RoslynAnalysisRunner will not be running.
RoslynAnalysisRunner has terminated.
Mono: successfully reloaded assembly
- Completed reload, in  1.190 seconds
Platform modules already initialized, skipping
Refreshing native plugins compatible for Editor in 0.56 ms, found 1 plugins.
Preloading 0 native plugins for Editor in 0.00 ms.
Unloading 2232 Unused Serialized files (Serialized files now loaded: 0)
System memory in use before: 122.0 MB.
System memory in use after: 122.1 MB.

Unloading 8 unused Assets to reduce memory usage. Loaded Objects now: 2777.
Total: 3.675800 ms (FindLiveObjects: 0.351100 ms CreateObjectMapping: 0.205300 ms MarkObjects: 3.020600 ms  DeleteObjects: 0.097200 ms)

========================================================================
Received Prepare
Registering precompiled user dll's ...
Registered in 0.002171 seconds.
Begin MonoManager ReloadAssembly
Native extension for WindowsStandalone target not found
Refreshing native plugins compatible for Editor in 0.85 ms, found 1 plugins.
Preloading 0 native plugins for Editor in 0.00 ms.
Warning: Annotation not found!
UnityEngine.StackTraceUtility:ExtractStackTrace ()
UnityEditor.ProBuilder.EditorUtility:SetGizmoIconEnabled (System.Type,bool) (at Library/PackageCache/com.unity.probuilder@4.4.0/Editor/EditorCore/EditorUtility.cs:593)
UnityEditor.ProBuilder.HierarchyListener:.cctor () (at Library/PackageCache/com.unity.probuilder@4.4.0/Editor/EditorCore/HierarchyListener.cs:21)
System.Runtime.CompilerServices.RuntimeHelpers:RunClassConstructor (System.RuntimeTypeHandle)
UnityEditor.EditorAssemblies:ProcessInitializeOnLoadAttributes (System.Type[])

[Library/PackageCache/com.unity.probuilder@4.4.0/Editor/EditorCore/EditorUtility.cs line 593]

Invoked RoslynAnalysisRunner static constructor.
RoslynAnalysisRunner will not be running.
RoslynAnalysisRunner has terminated.
Mono: successfully reloaded assembly
- Completed reload, in  1.284 seconds
Platform modules already initialized, skipping
Refreshing native plugins compatible for Editor in 0.49 ms, found 1 plugins.
Preloading 0 native plugins for Editor in 0.00 ms.
Unloading 2232 Unused Serialized files (Serialized files now loaded: 0)
System memory in use before: 121.9 MB.
System memory in use after: 122.1 MB.

Unloading 8 unused Assets to reduce memory usage. Loaded Objects now: 2780.
Total: 5.078400 ms (FindLiveObjects: 0.488000 ms CreateObjectMapping: 0.290200 ms MarkObjects: 4.181500 ms  DeleteObjects: 0.116400 ms)

========================================================================
Received Prepare
Registering precompiled user dll's ...
Registered in 0.001066 seconds.
Begin MonoManager ReloadAssembly
Native extension for WindowsStandalone target not found
Refreshing native plugins compatible for Editor in 0.44 ms, found 1 plugins.
Preloading 0 native plugins for Editor in 0.00 ms.
Warning: Annotation not found!
UnityEngine.StackTraceUtility:ExtractStackTrace ()
UnityEditor.ProBuilder.EditorUtility:SetGizmoIconEnabled (System.Type,bool) (at Library/PackageCache/com.unity.probuilder@4.4.0/Editor/EditorCore/EditorUtility.cs:593)
UnityEditor.ProBuilder.HierarchyListener:.cctor () (at Library/PackageCache/com.unity.probuilder@4.4.0/Editor/EditorCore/HierarchyListener.cs:21)
System.Runtime.CompilerServices.RuntimeHelpers:RunClassConstructor (System.RuntimeTypeHandle)
UnityEditor.EditorAssemblies:ProcessInitializeOnLoadAttributes (System.Type[])

[Library/PackageCache/com.unity.probuilder@4.4.0/Editor/EditorCore/EditorUtility.cs line 593]

Invoked RoslynAnalysisRunner static constructor.
RoslynAnalysisRunner will not be running.
RoslynAnalysisRunner has terminated.
Mono: successfully reloaded assembly
- Completed reload, in  0.850 seconds
Platform modules already initialized, skipping
Refreshing native plugins compatible for Editor in 0.44 ms, found 1 plugins.
Preloading 0 native plugins for Editor in 0.00 ms.
Unloading 2232 Unused Serialized files (Serialized files now loaded: 0)
System memory in use before: 122.0 MB.
System memory in use after: 122.2 MB.

Unloading 8 unused Assets to reduce memory usage. Loaded Objects now: 2783.
Total: 2.496900 ms (FindLiveObjects: 0.242800 ms CreateObjectMapping: 0.108700 ms MarkObjects: 2.078400 ms  DeleteObjects: 0.065900 ms)

========================================================================
Received Import Request.
  Time since last request: 1227.965533 seconds.
  path: Assets/Prefabs/GRHBalloonMG_Confetti.prefab
  artifactKey: Guid(70ca631863faaa34d80d4c90a333f133) Importer(815301076,1909f56bfc062723c751e8b465ee728b)
Start importing Assets/Prefabs/GRHBalloonMG_Confetti.prefab using Guid(70ca631863faaa34d80d4c90a333f133) Importer(815301076,1909f56bfc062723c751e8b465ee728b)  -> (artifact id: '62ebbf4e9b44e5671ef893d01b36a74e') in 0.032650 seconds
  Import took 0.037765 seconds .

========================================================================
Received Import Request.
  Time since last request: 0.000289 seconds.
  path: Assets/Prefabs/GRHCountingMG_DandelionFluffSpawner.prefab
  artifactKey: Guid(07e04c8c683fced4493a8f14b4ce4731) Importer(815301076,1909f56bfc062723c751e8b465ee728b)
Start importing Assets/Prefabs/GRHCountingMG_DandelionFluffSpawner.prefab using Guid(07e04c8c683fced4493a8f14b4ce4731) Importer(815301076,1909f56bfc062723c751e8b465ee728b)  -> (artifact id: '64f9cb18274a58837dff0527901fe0d9') in 0.011187 seconds
  Import took 0.015007 seconds .

========================================================================
Received Import Request.
  Time since last request: 0.000266 seconds.
  path: Assets/Prefabs/GRHCountingMG_dandelionFluff.prefab
  artifactKey: Guid(8f3a008b1740c3549b10df1405e3e625) Importer(815301076,1909f56bfc062723c751e8b465ee728b)
Start importing Assets/Prefabs/GRHCountingMG_dandelionFluff.prefab using Guid(8f3a008b1740c3549b10df1405e3e625) Importer(815301076,1909f56bfc062723c751e8b465ee728b)  -> (artifact id: '79d280ada16c01d68a3b921a36860d27') in 0.013677 seconds
  Import took 0.016856 seconds .

========================================================================
Received Import Request.
  Time since last request: 0.000239 seconds.
  path: Assets/Prefabs/GRHCountingMG_Frog_Prefab.prefab
  artifactKey: Guid(2a70618f437f8094090a8eac1c72cad5) Importer(815301076,1909f56bfc062723c751e8b465ee728b)
Start importing Assets/Prefabs/GRHCountingMG_Frog_Prefab.prefab using Guid(2a70618f437f8094090a8eac1c72cad5) Importer(815301076,1909f56bfc062723c751e8b465ee728b)  -> (artifact id: '83a5ec240302daeccde4afd1751096d2') in 0.394951 seconds
  Import took 0.399780 seconds .

========================================================================
Received Import Request.
  Time since last request: 0.000281 seconds.
  path: Assets/Particles/GRHBalloonMG_LeafParticle.mb
  artifactKey: Guid(693669b3c7ea008498af2afedce6ce65) Importer(815301076,1909f56bfc062723c751e8b465ee728b)
Start importing Assets/Particles/GRHBalloonMG_LeafParticle.mb using Guid(693669b3c7ea008498af2afedce6ce65) Importer(815301076,1909f56bfc062723c751e8b465ee728b)  -> (artifact id: 'cbff99135973ebcc6eee5ba8a071b695') in 0.320990 seconds
  Import took 0.325161 seconds .

========================================================================
Received Import Request.
  Time since last request: 0.000255 seconds.
  path: Assets/Prefabs/GRHCountingMG_Fish_Prefab.prefab
  artifactKey: Guid(70c6e29dc75a57140adea639a0991052) Importer(815301076,1909f56bfc062723c751e8b465ee728b)
Start importing Assets/Prefabs/GRHCountingMG_Fish_Prefab.prefab using Guid(70c6e29dc75a57140adea639a0991052) Importer(815301076,1909f56bfc062723c751e8b465ee728b)  -> (artifact id: 'fb756eab26e23c391978285e360fee1a') in 0.018248 seconds
  Import took 0.022298 seconds .

========================================================================
Received Import Request.
  Time since last request: 0.000303 seconds.
  path: Assets/Prefabs/GRHBalloonMG_FloatingBalloonSpawner.prefab
  artifactKey: Guid(27b38871f5752a446b3769d088b7da63) Importer(815301076,1909f56bfc062723c751e8b465ee728b)
Start importing Assets/Prefabs/GRHBalloonMG_FloatingBalloonSpawner.prefab using Guid(27b38871f5752a446b3769d088b7da63) Importer(815301076,1909f56bfc062723c751e8b465ee728b)  -> (artifact id: 'cd7bb90cbd00f5b015b5744023fde1e0') in 0.010438 seconds
  Import took 0.014916 seconds .

========================================================================
Received Import Request.
  Time since last request: 0.000322 seconds.
  path: Assets/Prefabs/GRHCountingMG_dandelion.prefab
  artifactKey: Guid(645f24221702bb445b78b34684807264) Importer(815301076,1909f56bfc062723c751e8b465ee728b)
Start importing Assets/Prefabs/GRHCountingMG_dandelion.prefab using Guid(645f24221702bb445b78b34684807264) Importer(815301076,1909f56bfc062723c751e8b465ee728b)  -> (artifact id: '5f0ebe6533692a926465a1aa3e8f61b8') in 0.055574 seconds
  Import took 0.059319 seconds .

========================================================================
Received Import Request.
  Time since last request: 0.000250 seconds.
  path: Assets/Prefabs/GRHCountingMG_Butterfly_Prefab.prefab
  artifactKey: Guid(bf90dcd62300cad48b97e77cce116fc5) Importer(815301076,1909f56bfc062723c751e8b465ee728b)
Start importing Assets/Prefabs/GRHCountingMG_Butterfly_Prefab.prefab using Guid(bf90dcd62300cad48b97e77cce116fc5) Importer(815301076,1909f56bfc062723c751e8b465ee728b)  -> (artifact id: '8a2b28598514477f168a6c2499e05ea4') in 0.012359 seconds
  Import took 0.016068 seconds .

========================================================================
Received Import Request.
  Time since last request: 1.604410 seconds.
  path: Assets/Imports/GrassPatch(1).obj
  artifactKey: Guid(5a32346399d7a5d40a42158db0d5b2eb) Importer(815301076,1909f56bfc062723c751e8b465ee728b)
Start importing Assets/Imports/GrassPatch(1).obj using Guid(5a32346399d7a5d40a42158db0d5b2eb) Importer(815301076,1909f56bfc062723c751e8b465ee728b)  -> (artifact id: 'af439dd8544569071c32036cb7fdac63') in 0.140739 seconds
  Import took 0.145121 seconds .

========================================================================
Received Import Request.
  Time since last request: 0.000296 seconds.
  path: Assets/Imports/GRHBalloonMG_LeafParticle.obj
  artifactKey: Guid(c7c173a723ddaac4b916cbe28f7a9f1e) Importer(815301076,1909f56bfc062723c751e8b465ee728b)
Start importing Assets/Imports/GRHBalloonMG_LeafParticle.obj using Guid(c7c173a723ddaac4b916cbe28f7a9f1e) Importer(815301076,1909f56bfc062723c751e8b465ee728b)  -> (artifact id: 'a7ae2888de824678a901bf576eddcfc9') in 0.024780 seconds
  Import took 0.028640 seconds .

========================================================================
Received Import Request.
  Time since last request: 0.000290 seconds.
  path: Assets/Imports/GrassPatch(3).obj
  artifactKey: Guid(ea139f5fc068af44d97c661128507548) Importer(815301076,1909f56bfc062723c751e8b465ee728b)
Start importing Assets/Imports/GrassPatch(3).obj using Guid(ea139f5fc068af44d97c661128507548) Importer(815301076,1909f56bfc062723c751e8b465ee728b)  -> (artifact id: '7ac83de1cdaa9bc429755d169b3caeea') in 0.035417 seconds
  Import took 0.039006 seconds .

========================================================================
Received Import Request.
  Time since last request: 0.000246 seconds.
  path: Assets/Imports/GrassPatch(4).obj
  artifactKey: Guid(d403ded5141bcb44b966e9b3fbf6c6f7) Importer(815301076,1909f56bfc062723c751e8b465ee728b)
Start importing Assets/Imports/GrassPatch(4).obj using Guid(d403ded5141bcb44b966e9b3fbf6c6f7) Importer(815301076,1909f56bfc062723c751e8b465ee728b)  -> (artifact id: 'b7219edd6315a6872c100a4f2ad42524') in 0.030685 seconds
  Import took 0.034165 seconds .

========================================================================
Received Import Request.
  Time since last request: 0.000277 seconds.
  path: Assets/Imports/GRHBalloonMG_Grass.obj
  artifactKey: Guid(3fe58654c78732f4fb91acf9f24b7d67) Importer(815301076,1909f56bfc062723c751e8b465ee728b)
Start importing Assets/Imports/GRHBalloonMG_Grass.obj using Guid(3fe58654c78732f4fb91acf9f24b7d67) Importer(815301076,1909f56bfc062723c751e8b465ee728b)  -> (artifact id: 'c8afe9af217d9643c939cd7bd975310b') in 0.021051 seconds
  Import took 0.024830 seconds .

========================================================================
Received Import Request.
  Time since last request: 0.000244 seconds.
  path: Assets/Imports/GrassPatch(2).obj
  artifactKey: Guid(240a285d8f325344fba9a5adfd533493) Importer(815301076,1909f56bfc062723c751e8b465ee728b)
Start importing Assets/Imports/GrassPatch(2).obj using Guid(240a285d8f325344fba9a5adfd533493) Importer(815301076,1909f56bfc062723c751e8b465ee728b)  -> (artifact id: '6c64c14b65ef65a2ec5b12112d692068') in 0.030841 seconds
  Import took 0.034522 seconds .

========================================================================
Received Import Request.
  Time since last request: 27.366136 seconds.
  path: Assets/Textures/GRHBalloonMG_Textures
  artifactKey: Guid(c9ce3383174374e42883b1dd56994dab) Importer(815301076,1909f56bfc062723c751e8b465ee728b)
Start importing Assets/Textures/GRHBalloonMG_Textures using Guid(c9ce3383174374e42883b1dd56994dab) Importer(815301076,1909f56bfc062723c751e8b465ee728b)  -> (artifact id: '49b7b54b75b21dc5b447afd6ae2958e4') in 0.006022 seconds
  Import took 0.010074 seconds .

========================================================================
Received Import Request.
  Time since last request: 0.003377 seconds.
  path: Assets/Textures/GRHBalloonMG_Textures
  artifactKey: Guid(c9ce3383174374e42883b1dd56994dab) Importer(815301076,1909f56bfc062723c751e8b465ee728b)
Start importing Assets/Textures/GRHBalloonMG_Textures using Guid(c9ce3383174374e42883b1dd56994dab) Importer(815301076,1909f56bfc062723c751e8b465ee728b)  -> (artifact id: '49b7b54b75b21dc5b447afd6ae2958e4') in 0.002059 seconds
  Import took 0.005365 seconds .

========================================================================
Received Import Request.
  Time since last request: 16.047698 seconds.
  path: Assets/Logos
  artifactKey: Guid(9efdae9357835be45a5afc95b16c0d54) Importer(815301076,1909f56bfc062723c751e8b465ee728b)
Start importing Assets/Logos using Guid(9efdae9357835be45a5afc95b16c0d54) Importer(815301076,1909f56bfc062723c751e8b465ee728b)  -> (artifact id: '1c870b4dc3387ba4b53c3190f6655f4d') in 0.006657 seconds
  Import took 0.011912 seconds .

========================================================================
Received Import Request.
  Time since last request: 0.001623 seconds.
  path: Assets/Logos
  artifactKey: Guid(9efdae9357835be45a5afc95b16c0d54) Importer(815301076,1909f56bfc062723c751e8b465ee728b)
Start importing Assets/Logos using Guid(9efdae9357835be45a5afc95b16c0d54) Importer(815301076,1909f56bfc062723c751e8b465ee728b)  -> (artifact id: '1c870b4dc3387ba4b53c3190f6655f4d') in 0.002840 seconds
  Import took 0.006621 seconds .

========================================================================
Received Import Request.
  Time since last request: 136.242541 seconds.
  path: Assets/Logos/glenrose-logo.png
  artifactKey: Guid(ddf2e1949943a1c438ae5f07380a0a9f) Importer(815301076,1909f56bfc062723c751e8b465ee728b)
Start importing Assets/Logos/glenrose-logo.png using Guid(ddf2e1949943a1c438ae5f07380a0a9f) Importer(815301076,1909f56bfc062723c751e8b465ee728b)  -> (artifact id: '685fa9519a91094a0b3b076afedb9dec') in 0.045764 seconds
  Import took 0.049314 seconds .

========================================================================
Received Import Request.
  Time since last request: 0.000228 seconds.
  path: Assets/Logos/Official_unity_logo.png
  artifactKey: Guid(3e1b6b2812aec9746b9dc3a1f56989b9) Importer(815301076,1909f56bfc062723c751e8b465ee728b)
Start importing Assets/Logos/Official_unity_logo.png using Guid(3e1b6b2812aec9746b9dc3a1f56989b9) Importer(815301076,1909f56bfc062723c751e8b465ee728b)  -> (artifact id: '82aa53a86f73fe900220d7dfe1eb9233') in 0.012648 seconds
  Import took 0.016184 seconds .

========================================================================
Received Import Request.
  Time since last request: 0.000229 seconds.
  path: Assets/Logos/NAIT-logo.png
  artifactKey: Guid(acd88dffc8133704f9bd0200eef48077) Importer(815301076,1909f56bfc062723c751e8b465ee728b)
Start importing Assets/Logos/NAIT-logo.png using Guid(acd88dffc8133704f9bd0200eef48077) Importer(815301076,1909f56bfc062723c751e8b465ee728b)  -> (artifact id: 'c99d557aa211513980c038a07da6311f') in 0.013303 seconds
  Import took 0.016650 seconds .

========================================================================
Received Prepare
Registering precompiled user dll's ...
Registered in 0.001123 seconds.
Begin MonoManager ReloadAssembly
Native extension for WindowsStandalone target not found
Refreshing native plugins compatible for Editor in 0.43 ms, found 1 plugins.
Preloading 0 native plugins for Editor in 0.00 ms.
Warning: Annotation not found!
UnityEngine.StackTraceUtility:ExtractStackTrace ()
UnityEditor.ProBuilder.EditorUtility:SetGizmoIconEnabled (System.Type,bool) (at Library/PackageCache/com.unity.probuilder@4.4.0/Editor/EditorCore/EditorUtility.cs:593)
UnityEditor.ProBuilder.HierarchyListener:.cctor () (at Library/PackageCache/com.unity.probuilder@4.4.0/Editor/EditorCore/HierarchyListener.cs:21)
System.Runtime.CompilerServices.RuntimeHelpers:RunClassConstructor (System.RuntimeTypeHandle)
UnityEditor.EditorAssemblies:ProcessInitializeOnLoadAttributes (System.Type[])

[Library/PackageCache/com.unity.probuilder@4.4.0/Editor/EditorCore/EditorUtility.cs line 593]

Invoked RoslynAnalysisRunner static constructor.
RoslynAnalysisRunner will not be running.
RoslynAnalysisRunner has terminated.
Mono: successfully reloaded assembly
- Completed reload, in  0.860 seconds
Platform modules already initialized, skipping
Refreshing native plugins compatible for Editor in 0.43 ms, found 1 plugins.
Preloading 0 native plugins for Editor in 0.00 ms.
Unloading 2232 Unused Serialized files (Serialized files now loaded: 0)
System memory in use before: 122.5 MB.
System memory in use after: 122.7 MB.

Unloading 8 unused Assets to reduce memory usage. Loaded Objects now: 2830.
Total: 2.495500 ms (FindLiveObjects: 0.273500 ms CreateObjectMapping: 0.139500 ms MarkObjects: 2.008900 ms  DeleteObjects: 0.072100 ms)

